{"timestamp":"2025-12-12T17:47:29.202962","level":"info","event":"DAG bundles loaded: dags-folder, example_dags","logger":"airflow.dag_processing.bundles.manager.DagBundlesManager"}
{"timestamp":"2025-12-12T17:47:29.203863","level":"info","event":"Filling up the DagBag from /home/mountah_lodia/ecommerce_project/ecommerce_project/airflow/dags/ecommerce_pipeline_dag.py","logger":"airflow.models.dagbag.DagBag"}
{"timestamp":"2025-12-12T17:47:29.249490Z","level":"info","event":"Task instance is in running state","chan":"stdout","logger":"task"}
{"timestamp":"2025-12-12T17:47:29.249684Z","level":"info","event":" Previous state of the Task instance: TaskInstanceState.QUEUED","chan":"stdout","logger":"task"}
{"timestamp":"2025-12-12T17:47:29.249914Z","level":"info","event":"Current task name:gold_features","chan":"stdout","logger":"task"}
{"timestamp":"2025-12-12T17:47:29.249992Z","level":"info","event":"Dag name:ecommerce_data_pipeline","chan":"stdout","logger":"task"}
{"timestamp":"2025-12-12T17:47:29.250783","level":"info","event":"Tmp dir root location: /tmp","logger":"airflow.task.hooks.airflow.providers.standard.hooks.subprocess.SubprocessHook"}
{"timestamp":"2025-12-12T17:47:29.251767","level":"info","event":"Running command: ['/usr/bin/bash', '-c', 'python3 /home/mountah_lodia/ecommerce_project/ecommerce_project/airflow/scripts/build_features_gold.py /home/mountah_lodia/ecommerce_project/ecommerce_project/data /home/mountah_lodia/ecommerce_project/ecommerce_project/data']","logger":"airflow.task.hooks.airflow.providers.standard.hooks.subprocess.SubprocessHook"}
{"timestamp":"2025-12-12T17:47:29.263259","level":"info","event":"Output:","logger":"airflow.task.hooks.airflow.providers.standard.hooks.subprocess.SubprocessHook"}
{"timestamp":"2025-12-12T17:47:30.381361","level":"info","event":"WARNING: Using incubator modules: jdk.incubator.vector","logger":"airflow.task.hooks.airflow.providers.standard.hooks.subprocess.SubprocessHook"}
{"timestamp":"2025-12-12T17:47:31.974105","level":"info","event":"Using Spark's default log4j profile: org/apache/spark/log4j2-defaults.properties","logger":"airflow.task.hooks.airflow.providers.standard.hooks.subprocess.SubprocessHook"}
{"timestamp":"2025-12-12T17:47:31.988618","level":"info","event":"25/12/12 17:47:31 WARN Utils: Your hostname, MuntahLodia, resolves to a loopback address: 127.0.1.1; using 10.255.255.254 instead (on interface lo)","logger":"airflow.task.hooks.airflow.providers.standard.hooks.subprocess.SubprocessHook"}
{"timestamp":"2025-12-12T17:47:31.995279","level":"info","event":"25/12/12 17:47:31 WARN Utils: Set SPARK_LOCAL_IP if you need to bind to another address","logger":"airflow.task.hooks.airflow.providers.standard.hooks.subprocess.SubprocessHook"}
{"timestamp":"2025-12-12T17:47:32.587577","level":"info","event":"Using Spark's default log4j profile: org/apache/spark/log4j2-defaults.properties","logger":"airflow.task.hooks.airflow.providers.standard.hooks.subprocess.SubprocessHook"}
{"timestamp":"2025-12-12T17:47:32.588473","level":"info","event":"Setting default log level to \"WARN\".","logger":"airflow.task.hooks.airflow.providers.standard.hooks.subprocess.SubprocessHook"}
{"timestamp":"2025-12-12T17:47:32.588733","level":"info","event":"To adjust logging level use sc.setLogLevel(newLevel). For SparkR, use setLogLevel(newLevel).","logger":"airflow.task.hooks.airflow.providers.standard.hooks.subprocess.SubprocessHook"}
{"timestamp":"2025-12-12T17:47:33.281608","level":"info","event":"25/12/12 17:47:33 WARN NativeCodeLoader: Unable to load native-hadoop library for your platform... using builtin-java classes where applicable","logger":"airflow.task.hooks.airflow.providers.standard.hooks.subprocess.SubprocessHook"}
{"timestamp":"2025-12-12T17:47:51.268089","level":"info","event":"\r[Stage 0:>                                                          (0 + 1) / 1]\r\r                                                                                \r\r[Stage 1:>                                                          (0 + 8) / 8]\r\r[Stage 3:>                                                          (0 + 1) / 1]\r\r                                                                                \r[INFO] Gold généré","logger":"airflow.task.hooks.airflow.providers.standard.hooks.subprocess.SubprocessHook"}
{"timestamp":"2025-12-12T17:47:51.894002","level":"info","event":"Command exited with return code 0","logger":"airflow.task.hooks.airflow.providers.standard.hooks.subprocess.SubprocessHook"}
{"timestamp":"2025-12-12T17:47:51.895120","level":"info","event":"Pushing xcom","ti":"RuntimeTaskInstance(id=UUID('019b13aa-ccc6-7522-801a-f98402ff22fe'), task_id='gold_features', dag_id='ecommerce_data_pipeline', run_id='manual__2025-12-12T17:45:19.238918+00:00', try_number=1, map_index=-1, hostname='MuntahLodia.localdomain', context_carrier=None, task=<Task(BashOperator): gold_features>, bundle_instance=LocalDagBundle(name=dags-folder), max_tries=1, start_date=datetime.datetime(2025, 12, 12, 17, 47, 29, 141327, tzinfo=datetime.timezone.utc), end_date=None, state=<TaskInstanceState.RUNNING: 'running'>, is_mapped=False, rendered_map_index=None, log_url='http://localhost:8080/dags/ecommerce_data_pipeline/runs/manual__2025-12-12T17%3A45%3A19.238918%2B00%3A00/tasks/gold_features?try_number=1')","logger":"task"}
{"timestamp":"2025-12-12T17:47:51.948054Z","level":"info","event":"✅ Succès : gold_features","chan":"stdout","logger":"task"}
{"timestamp":"2025-12-12T17:47:51.948257Z","level":"info","event":"Task instance in success state","chan":"stdout","logger":"task"}
{"timestamp":"2025-12-12T17:47:51.948336Z","level":"info","event":" Previous state of the Task instance: TaskInstanceState.RUNNING","chan":"stdout","logger":"task"}
{"timestamp":"2025-12-12T17:47:51.948709Z","level":"info","event":"Task operator:<Task(BashOperator): gold_features>","chan":"stdout","logger":"task"}
