{"timestamp":"2025-12-12T21:20:22.336848","level":"info","event":"DAG bundles loaded: dags-folder, example_dags","logger":"airflow.dag_processing.bundles.manager.DagBundlesManager"}
{"timestamp":"2025-12-12T21:20:22.337744","level":"info","event":"Filling up the DagBag from /home/mountah_lodia/ecommerce_project/ecommerce_project/airflow/dags/ecommerce_pipeline_dag.py","logger":"airflow.models.dagbag.DagBag"}
{"timestamp":"2025-12-12T21:20:22.447695Z","level":"info","event":"Task instance is in running state","chan":"stdout","logger":"task"}
{"timestamp":"2025-12-12T21:20:22.448490Z","level":"info","event":" Previous state of the Task instance: TaskInstanceState.QUEUED","chan":"stdout","logger":"task"}
{"timestamp":"2025-12-12T21:20:22.448944Z","level":"info","event":"Current task name:silver_transform","chan":"stdout","logger":"task"}
{"timestamp":"2025-12-12T21:20:22.449103Z","level":"info","event":"Dag name:ecommerce_data_pipeline","chan":"stdout","logger":"task"}
{"timestamp":"2025-12-12T21:20:22.449525","level":"info","event":"Tmp dir root location: /tmp","logger":"airflow.task.hooks.airflow.providers.standard.hooks.subprocess.SubprocessHook"}
{"timestamp":"2025-12-12T21:20:22.451267","level":"info","event":"Running command: ['/usr/bin/bash', '-c', 'python3 /home/mountah_lodia/ecommerce_project/ecommerce_project/airflow/scripts/transform_silver.py /home/mountah_lodia/ecommerce_project/ecommerce_project/data /home/mountah_lodia/ecommerce_project/ecommerce_project/data 2011-05-17']","logger":"airflow.task.hooks.airflow.providers.standard.hooks.subprocess.SubprocessHook"}
{"timestamp":"2025-12-12T21:20:22.464934","level":"info","event":"Output:","logger":"airflow.task.hooks.airflow.providers.standard.hooks.subprocess.SubprocessHook"}
{"timestamp":"2025-12-12T21:20:23.619036","level":"info","event":"WARNING: Using incubator modules: jdk.incubator.vector","logger":"airflow.task.hooks.airflow.providers.standard.hooks.subprocess.SubprocessHook"}
{"timestamp":"2025-12-12T21:20:26.110026","level":"info","event":"Using Spark's default log4j profile: org/apache/spark/log4j2-defaults.properties","logger":"airflow.task.hooks.airflow.providers.standard.hooks.subprocess.SubprocessHook"}
{"timestamp":"2025-12-12T21:20:26.133439","level":"info","event":"25/12/12 21:20:26 WARN Utils: Your hostname, MuntahLodia, resolves to a loopback address: 127.0.1.1; using 10.255.255.254 instead (on interface lo)","logger":"airflow.task.hooks.airflow.providers.standard.hooks.subprocess.SubprocessHook"}
{"timestamp":"2025-12-12T21:20:26.140421","level":"info","event":"25/12/12 21:20:26 WARN Utils: Set SPARK_LOCAL_IP if you need to bind to another address","logger":"airflow.task.hooks.airflow.providers.standard.hooks.subprocess.SubprocessHook"}
{"timestamp":"2025-12-12T21:20:26.784829","level":"info","event":"Using Spark's default log4j profile: org/apache/spark/log4j2-defaults.properties","logger":"airflow.task.hooks.airflow.providers.standard.hooks.subprocess.SubprocessHook"}
{"timestamp":"2025-12-12T21:20:26.786422","level":"info","event":"Setting default log level to \"WARN\".","logger":"airflow.task.hooks.airflow.providers.standard.hooks.subprocess.SubprocessHook"}
{"timestamp":"2025-12-12T21:20:26.786779","level":"info","event":"To adjust logging level use sc.setLogLevel(newLevel). For SparkR, use setLogLevel(newLevel).","logger":"airflow.task.hooks.airflow.providers.standard.hooks.subprocess.SubprocessHook"}
{"timestamp":"2025-12-12T21:20:27.555917","level":"info","event":"25/12/12 21:20:27 WARN NativeCodeLoader: Unable to load native-hadoop library for your platform... using builtin-java classes where applicable","logger":"airflow.task.hooks.airflow.providers.standard.hooks.subprocess.SubprocessHook"}
{"timestamp":"2025-12-12T21:20:47.583435","level":"info","event":"\r[Stage 0:>                                                          (0 + 8) / 8]\r\r                                                                                \r\r[Stage 1:>                                                          (0 + 8) / 8]\r\r[Stage 1:=======>                                                   (1 + 7) / 8]\r\r[Stage 1:==============>                                            (2 + 6) / 8]\r\r[Stage 1:======================>                                    (3 + 5) / 8]\r\r[Stage 1:====================================>                      (5 + 3) / 8]\r\r[Stage 1:============================================>              (6 + 2) / 8]\r\r                                                                                \r[INFO] Silver généré : /home/mountah_lodia/ecommerce_project/ecommerce_project/data/silver/cleaned_ecommerce_20110517.parquet","logger":"airflow.task.hooks.airflow.providers.standard.hooks.subprocess.SubprocessHook"}
{"timestamp":"2025-12-12T21:20:48.144843","level":"info","event":"Command exited with return code 0","logger":"airflow.task.hooks.airflow.providers.standard.hooks.subprocess.SubprocessHook"}
{"timestamp":"2025-12-12T21:20:48.147363","level":"info","event":"Pushing xcom","ti":"RuntimeTaskInstance(id=UUID('019b146f-3207-7f6d-abf1-f32ae3227e15'), task_id='silver_transform', dag_id='ecommerce_data_pipeline', run_id='manual__2025-12-12T21:19:50.257629+00:00', try_number=1, map_index=-1, hostname='MuntahLodia.localdomain', context_carrier=None, task=<Task(BashOperator): silver_transform>, bundle_instance=LocalDagBundle(name=dags-folder), max_tries=1, start_date=datetime.datetime(2025, 12, 12, 21, 20, 22, 243368, tzinfo=datetime.timezone.utc), end_date=None, state=<TaskInstanceState.RUNNING: 'running'>, is_mapped=False, rendered_map_index=None, log_url='http://localhost:8080/dags/ecommerce_data_pipeline/runs/manual__2025-12-12T21%3A19%3A50.257629%2B00%3A00/tasks/silver_transform?try_number=1')","logger":"task"}
{"timestamp":"2025-12-12T21:20:48.227131Z","level":"info","event":"✅ Succès : silver_transform","chan":"stdout","logger":"task"}
{"timestamp":"2025-12-12T21:20:48.227342Z","level":"info","event":"Task instance in success state","chan":"stdout","logger":"task"}
{"timestamp":"2025-12-12T21:20:48.227404Z","level":"info","event":" Previous state of the Task instance: TaskInstanceState.RUNNING","chan":"stdout","logger":"task"}
{"timestamp":"2025-12-12T21:20:48.228528Z","level":"info","event":"Task operator:<Task(BashOperator): silver_transform>","chan":"stdout","logger":"task"}
