{"timestamp":"2025-12-12T17:47:00.819044","level":"info","event":"DAG bundles loaded: dags-folder, example_dags","logger":"airflow.dag_processing.bundles.manager.DagBundlesManager"}
{"timestamp":"2025-12-12T17:47:00.820355","level":"info","event":"Filling up the DagBag from /home/mountah_lodia/ecommerce_project/ecommerce_project/airflow/dags/ecommerce_pipeline_dag.py","logger":"airflow.models.dagbag.DagBag"}
{"timestamp":"2025-12-12T17:47:00.877335Z","level":"info","event":"Task instance is in running state","chan":"stdout","logger":"task"}
{"timestamp":"2025-12-12T17:47:00.877573Z","level":"info","event":" Previous state of the Task instance: TaskInstanceState.QUEUED","chan":"stdout","logger":"task"}
{"timestamp":"2025-12-12T17:47:00.877845Z","level":"info","event":"Current task name:gold_features","chan":"stdout","logger":"task"}
{"timestamp":"2025-12-12T17:47:00.877970Z","level":"info","event":"Dag name:ecommerce_data_pipeline","chan":"stdout","logger":"task"}
{"timestamp":"2025-12-12T17:47:00.878693","level":"info","event":"Tmp dir root location: /tmp","logger":"airflow.task.hooks.airflow.providers.standard.hooks.subprocess.SubprocessHook"}
{"timestamp":"2025-12-12T17:47:00.879805","level":"info","event":"Running command: ['/usr/bin/bash', '-c', 'python3 /home/mountah_lodia/ecommerce_project/ecommerce_project/airflow/scripts/build_features_gold.py /home/mountah_lodia/ecommerce_project/ecommerce_project/data /home/mountah_lodia/ecommerce_project/ecommerce_project/data']","logger":"airflow.task.hooks.airflow.providers.standard.hooks.subprocess.SubprocessHook"}
{"timestamp":"2025-12-12T17:47:00.892582","level":"info","event":"Output:","logger":"airflow.task.hooks.airflow.providers.standard.hooks.subprocess.SubprocessHook"}
{"timestamp":"2025-12-12T17:47:01.750164","level":"info","event":"WARNING: Using incubator modules: jdk.incubator.vector","logger":"airflow.task.hooks.airflow.providers.standard.hooks.subprocess.SubprocessHook"}
{"timestamp":"2025-12-12T17:47:03.981075","level":"info","event":"Using Spark's default log4j profile: org/apache/spark/log4j2-defaults.properties","logger":"airflow.task.hooks.airflow.providers.standard.hooks.subprocess.SubprocessHook"}
{"timestamp":"2025-12-12T17:47:04.018174","level":"info","event":"25/12/12 17:47:04 WARN Utils: Your hostname, MuntahLodia, resolves to a loopback address: 127.0.1.1; using 10.255.255.254 instead (on interface lo)","logger":"airflow.task.hooks.airflow.providers.standard.hooks.subprocess.SubprocessHook"}
{"timestamp":"2025-12-12T17:47:04.030554","level":"info","event":"25/12/12 17:47:04 WARN Utils: Set SPARK_LOCAL_IP if you need to bind to another address","logger":"airflow.task.hooks.airflow.providers.standard.hooks.subprocess.SubprocessHook"}
{"timestamp":"2025-12-12T17:47:04.915840","level":"info","event":"Using Spark's default log4j profile: org/apache/spark/log4j2-defaults.properties","logger":"airflow.task.hooks.airflow.providers.standard.hooks.subprocess.SubprocessHook"}
{"timestamp":"2025-12-12T17:47:04.916437","level":"info","event":"Setting default log level to \"WARN\".","logger":"airflow.task.hooks.airflow.providers.standard.hooks.subprocess.SubprocessHook"}
{"timestamp":"2025-12-12T17:47:04.916701","level":"info","event":"To adjust logging level use sc.setLogLevel(newLevel). For SparkR, use setLogLevel(newLevel).","logger":"airflow.task.hooks.airflow.providers.standard.hooks.subprocess.SubprocessHook"}
{"timestamp":"2025-12-12T17:47:06.254196","level":"info","event":"25/12/12 17:47:06 WARN NativeCodeLoader: Unable to load native-hadoop library for your platform... using builtin-java classes where applicable","logger":"airflow.task.hooks.airflow.providers.standard.hooks.subprocess.SubprocessHook"}
{"timestamp":"2025-12-12T17:47:28.334247","level":"info","event":"\r[Stage 0:>                                                          (0 + 1) / 1]\r\r                                                                                \r\r[Stage 1:>                                                          (0 + 8) / 8]\r\r[Stage 3:>                                                          (0 + 1) / 1]\r\r                                                                                \r[INFO] Gold généré","logger":"airflow.task.hooks.airflow.providers.standard.hooks.subprocess.SubprocessHook"}
{"timestamp":"2025-12-12T17:47:29.018307","level":"info","event":"Command exited with return code 0","logger":"airflow.task.hooks.airflow.providers.standard.hooks.subprocess.SubprocessHook"}
{"timestamp":"2025-12-12T17:47:29.019478","level":"info","event":"Pushing xcom","ti":"RuntimeTaskInstance(id=UUID('019b13aa-aff2-7e38-8d59-ed9a1f47c63d'), task_id='gold_features', dag_id='ecommerce_data_pipeline', run_id='scheduled__2025-12-12T00:00:00+00:00', try_number=1, map_index=-1, hostname='MuntahLodia.localdomain', context_carrier=None, task=<Task(BashOperator): gold_features>, bundle_instance=LocalDagBundle(name=dags-folder), max_tries=1, start_date=datetime.datetime(2025, 12, 12, 17, 47, 0, 741145, tzinfo=datetime.timezone.utc), end_date=None, state=<TaskInstanceState.RUNNING: 'running'>, is_mapped=False, rendered_map_index=None, log_url='http://localhost:8080/dags/ecommerce_data_pipeline/runs/scheduled__2025-12-12T00%3A00%3A00%2B00%3A00/tasks/gold_features?try_number=1')","logger":"task"}
{"timestamp":"2025-12-12T17:47:29.073437Z","level":"info","event":"✅ Succès : gold_features","chan":"stdout","logger":"task"}
{"timestamp":"2025-12-12T17:47:29.073767Z","level":"info","event":"Task instance in success state","chan":"stdout","logger":"task"}
{"timestamp":"2025-12-12T17:47:29.073905Z","level":"info","event":" Previous state of the Task instance: TaskInstanceState.RUNNING","chan":"stdout","logger":"task"}
{"timestamp":"2025-12-12T17:47:29.074455Z","level":"info","event":"Task operator:<Task(BashOperator): gold_features>","chan":"stdout","logger":"task"}
